{"/Users/jeremiasfolgado/Documents/learning/ia-for-dev-henry/CAP08_CHALLENGE/chatbot-console-project/src/config/config.ts": {"path":"/Users/jeremiasfolgado/Documents/learning/ia-for-dev-henry/CAP08_CHALLENGE/chatbot-console-project/src/config/config.ts","all":false,"statementMap":{"0":{"start":{"line":1,"column":0},"end":{"line":1,"column":28}},"1":{"start":{"line":2,"column":0},"end":{"line":2,"column":0}},"2":{"start":{"line":3,"column":0},"end":{"line":3,"column":16}},"3":{"start":{"line":4,"column":0},"end":{"line":4,"column":0}},"4":{"start":{"line":5,"column":0},"end":{"line":5,"column":3}},"5":{"start":{"line":6,"column":0},"end":{"line":6,"column":46}},"6":{"start":{"line":7,"column":0},"end":{"line":7,"column":3}},"7":{"start":{"line":8,"column":0},"end":{"line":8,"column":64}},"8":{"start":{"line":9,"column":0},"end":{"line":9,"column":68}},"9":{"start":{"line":10,"column":0},"end":{"line":10,"column":103}},"10":{"start":{"line":11,"column":0},"end":{"line":11,"column":78}},"11":{"start":{"line":12,"column":0},"end":{"line":12,"column":76}},"12":{"start":{"line":13,"column":0},"end":{"line":13,"column":3}},"13":{"start":{"line":14,"column":0},"end":{"line":14,"column":23}},"14":{"start":{"line":15,"column":0},"end":{"line":15,"column":39}},"15":{"start":{"line":16,"column":0},"end":{"line":16,"column":43}},"16":{"start":{"line":17,"column":0},"end":{"line":17,"column":80}},"17":{"start":{"line":18,"column":0},"end":{"line":18,"column":27}},"18":{"start":{"line":19,"column":0},"end":{"line":19,"column":22}},"19":{"start":{"line":20,"column":0},"end":{"line":20,"column":2}},"20":{"start":{"line":21,"column":0},"end":{"line":21,"column":0}},"21":{"start":{"line":22,"column":0},"end":{"line":22,"column":3}},"22":{"start":{"line":23,"column":0},"end":{"line":23,"column":85}},"23":{"start":{"line":24,"column":0},"end":{"line":24,"column":48}},"24":{"start":{"line":25,"column":0},"end":{"line":25,"column":3}},"25":{"start":{"line":26,"column":0},"end":{"line":26,"column":49}},"26":{"start":{"line":27,"column":0},"end":{"line":27,"column":97}},"27":{"start":{"line":28,"column":0},"end":{"line":28,"column":1}}},"s":{"0":1,"1":1,"2":1,"3":1,"4":1,"5":1,"6":1,"7":1,"8":1,"9":1,"10":1,"11":1,"12":1,"13":1,"14":1,"15":1,"16":1,"17":1,"18":1,"19":1,"20":1,"21":1,"22":1,"23":1,"24":1,"25":1,"26":0,"27":0},"branchMap":{"0":{"type":"branch","line":26,"loc":{"start":{"line":26,"column":48},"end":{"line":28,"column":1}},"locations":[{"start":{"line":26,"column":48},"end":{"line":28,"column":1}}]}},"b":{"0":[0]},"fnMap":{},"f":{}}
,"/Users/jeremiasfolgado/Documents/learning/ia-for-dev-henry/CAP08_CHALLENGE/chatbot-console-project/src/models/conversation.ts": {"path":"/Users/jeremiasfolgado/Documents/learning/ia-for-dev-henry/CAP08_CHALLENGE/chatbot-console-project/src/models/conversation.ts","all":false,"statementMap":{"0":{"start":{"line":1,"column":0},"end":{"line":1,"column":26}},"1":{"start":{"line":2,"column":0},"end":{"line":2,"column":31}},"2":{"start":{"line":3,"column":0},"end":{"line":3,"column":20}},"3":{"start":{"line":4,"column":0},"end":{"line":4,"column":3}},"4":{"start":{"line":5,"column":0},"end":{"line":5,"column":2}},"5":{"start":{"line":6,"column":0},"end":{"line":6,"column":29}},"6":{"start":{"line":7,"column":0},"end":{"line":7,"column":37}},"7":{"start":{"line":8,"column":0},"end":{"line":8,"column":2}},"8":{"start":{"line":9,"column":0},"end":{"line":9,"column":7}},"9":{"start":{"line":10,"column":0},"end":{"line":10,"column":46}},"10":{"start":{"line":11,"column":0},"end":{"line":11,"column":82}},"11":{"start":{"line":12,"column":0},"end":{"line":12,"column":51}},"12":{"start":{"line":13,"column":0},"end":{"line":13,"column":7}},"13":{"start":{"line":14,"column":0},"end":{"line":14,"column":61}},"14":{"start":{"line":15,"column":0},"end":{"line":15,"column":44}},"15":{"start":{"line":16,"column":0},"end":{"line":16,"column":5}},"16":{"start":{"line":17,"column":0},"end":{"line":17,"column":2}},"17":{"start":{"line":18,"column":0},"end":{"line":18,"column":7}},"18":{"start":{"line":19,"column":0},"end":{"line":19,"column":48}},"19":{"start":{"line":20,"column":0},"end":{"line":20,"column":61}},"20":{"start":{"line":21,"column":0},"end":{"line":21,"column":7}},"21":{"start":{"line":22,"column":0},"end":{"line":22,"column":30}},"22":{"start":{"line":23,"column":0},"end":{"line":23,"column":27}},"23":{"start":{"line":24,"column":0},"end":{"line":24,"column":5}},"24":{"start":{"line":25,"column":0},"end":{"line":25,"column":2}},"25":{"start":{"line":26,"column":0},"end":{"line":26,"column":7}},"26":{"start":{"line":27,"column":0},"end":{"line":27,"column":49}},"27":{"start":{"line":28,"column":0},"end":{"line":28,"column":7}},"28":{"start":{"line":29,"column":0},"end":{"line":29,"column":13}},"29":{"start":{"line":30,"column":0},"end":{"line":30,"column":25}},"30":{"start":{"line":31,"column":0},"end":{"line":31,"column":5}},"31":{"start":{"line":32,"column":0},"end":{"line":32,"column":3}}},"s":{"0":1,"1":1,"2":1,"3":1,"4":1,"5":1,"6":13,"7":1,"8":1,"9":1,"10":1,"11":1,"12":1,"13":1,"14":12,"15":12,"16":1,"17":1,"18":1,"19":1,"20":1,"21":1,"22":11,"23":11,"24":1,"25":1,"26":1,"27":1,"28":1,"29":2,"30":2,"31":1},"branchMap":{"0":{"type":"branch","line":6,"loc":{"start":{"line":6,"column":27},"end":{"line":31,"column":5}},"locations":[{"start":{"line":6,"column":27},"end":{"line":31,"column":5}}]},"1":{"type":"branch","line":6,"loc":{"start":{"line":6,"column":27},"end":{"line":7,"column":37}},"locations":[{"start":{"line":6,"column":27},"end":{"line":7,"column":37}}]},"2":{"type":"branch","line":14,"loc":{"start":{"line":14,"column":4},"end":{"line":16,"column":5}},"locations":[{"start":{"line":14,"column":4},"end":{"line":16,"column":5}}]},"3":{"type":"branch","line":22,"loc":{"start":{"line":22,"column":4},"end":{"line":24,"column":5}},"locations":[{"start":{"line":22,"column":4},"end":{"line":24,"column":5}}]},"4":{"type":"branch","line":29,"loc":{"start":{"line":29,"column":4},"end":{"line":31,"column":5}},"locations":[{"start":{"line":29,"column":4},"end":{"line":31,"column":5}}]}},"b":{"0":[1],"1":[13],"2":[12],"3":[11],"4":[2]},"fnMap":{"0":{"name":"Conversation","decl":{"start":{"line":6,"column":27},"end":{"line":7,"column":37}},"loc":{"start":{"line":6,"column":27},"end":{"line":7,"column":37}},"line":6},"1":{"name":"addMessage","decl":{"start":{"line":14,"column":4},"end":{"line":16,"column":5}},"loc":{"start":{"line":14,"column":4},"end":{"line":16,"column":5}},"line":14},"2":{"name":"getMessages","decl":{"start":{"line":22,"column":4},"end":{"line":24,"column":5}},"loc":{"start":{"line":22,"column":4},"end":{"line":24,"column":5}},"line":22},"3":{"name":"clear","decl":{"start":{"line":29,"column":4},"end":{"line":31,"column":5}},"loc":{"start":{"line":29,"column":4},"end":{"line":31,"column":5}},"line":29}},"f":{"0":13,"1":12,"2":11,"3":2}}
,"/Users/jeremiasfolgado/Documents/learning/ia-for-dev-henry/CAP08_CHALLENGE/chatbot-console-project/src/services/googleSearch.ts": {"path":"/Users/jeremiasfolgado/Documents/learning/ia-for-dev-henry/CAP08_CHALLENGE/chatbot-console-project/src/services/googleSearch.ts","all":false,"statementMap":{"0":{"start":{"line":1,"column":0},"end":{"line":1,"column":26}},"1":{"start":{"line":2,"column":0},"end":{"line":2,"column":42}},"2":{"start":{"line":3,"column":0},"end":{"line":3,"column":0}},"3":{"start":{"line":4,"column":0},"end":{"line":4,"column":31}},"4":{"start":{"line":5,"column":0},"end":{"line":5,"column":16}},"5":{"start":{"line":6,"column":0},"end":{"line":6,"column":15}},"6":{"start":{"line":7,"column":0},"end":{"line":7,"column":18}},"7":{"start":{"line":8,"column":0},"end":{"line":8,"column":1}},"8":{"start":{"line":9,"column":0},"end":{"line":9,"column":0}},"9":{"start":{"line":10,"column":0},"end":{"line":10,"column":3}},"10":{"start":{"line":11,"column":0},"end":{"line":11,"column":86}},"11":{"start":{"line":12,"column":0},"end":{"line":12,"column":2}},"12":{"start":{"line":13,"column":0},"end":{"line":13,"column":50}},"13":{"start":{"line":14,"column":0},"end":{"line":14,"column":110}},"14":{"start":{"line":15,"column":0},"end":{"line":15,"column":3}},"15":{"start":{"line":16,"column":0},"end":{"line":16,"column":76}},"16":{"start":{"line":17,"column":0},"end":{"line":17,"column":7}},"17":{"start":{"line":18,"column":0},"end":{"line":18,"column":38}},"18":{"start":{"line":19,"column":0},"end":{"line":19,"column":41}},"19":{"start":{"line":20,"column":0},"end":{"line":20,"column":7}},"20":{"start":{"line":21,"column":0},"end":{"line":21,"column":17}},"21":{"start":{"line":22,"column":0},"end":{"line":22,"column":33}},"22":{"start":{"line":23,"column":0},"end":{"line":23,"column":34}},"23":{"start":{"line":24,"column":0},"end":{"line":24,"column":8}},"24":{"start":{"line":25,"column":0},"end":{"line":25,"column":7}},"25":{"start":{"line":26,"column":0},"end":{"line":26,"column":18}},"26":{"start":{"line":27,"column":0},"end":{"line":27,"column":43}},"27":{"start":{"line":28,"column":0},"end":{"line":28,"column":45}},"28":{"start":{"line":29,"column":0},"end":{"line":29,"column":10}},"29":{"start":{"line":30,"column":0},"end":{"line":30,"column":7}},"30":{"start":{"line":31,"column":0},"end":{"line":31,"column":6}},"31":{"start":{"line":32,"column":0},"end":{"line":32,"column":0}},"32":{"start":{"line":33,"column":0},"end":{"line":33,"column":68}},"33":{"start":{"line":34,"column":0},"end":{"line":34,"column":26}},"34":{"start":{"line":35,"column":0},"end":{"line":35,"column":24}},"35":{"start":{"line":36,"column":0},"end":{"line":36,"column":30}},"36":{"start":{"line":37,"column":0},"end":{"line":37,"column":8}},"37":{"start":{"line":38,"column":0},"end":{"line":38,"column":19}},"38":{"start":{"line":39,"column":0},"end":{"line":39,"column":69}},"39":{"start":{"line":40,"column":0},"end":{"line":40,"column":16}},"40":{"start":{"line":41,"column":0},"end":{"line":41,"column":3}},"41":{"start":{"line":42,"column":0},"end":{"line":42,"column":1}}},"s":{"0":1,"1":2,"2":1,"3":1,"4":1,"5":1,"6":1,"7":1,"8":1,"9":6,"10":6,"11":6,"12":6,"13":6,"14":6,"15":1,"16":6,"17":6,"18":6,"19":6,"20":6,"21":6,"22":6,"23":6,"24":6,"25":6,"26":6,"27":6,"28":6,"29":6,"30":6,"31":4,"32":4,"33":12,"34":12,"35":12,"36":4,"37":2,"38":2,"39":1,"40":1,"41":1},"branchMap":{"0":{"type":"branch","line":2,"loc":{"start":{"line":2,"column":0},"end":{"line":2,"column":42}},"locations":[{"start":{"line":2,"column":0},"end":{"line":2,"column":42}}]},"1":{"type":"branch","line":2,"loc":{"start":{"line":2,"column":0},"end":{"line":2,"column":42}},"locations":[{"start":{"line":2,"column":0},"end":{"line":2,"column":42}}]},"2":{"type":"branch","line":2,"loc":{"start":{"line":2,"column":0},"end":{"line":2,"column":42}},"locations":[{"start":{"line":2,"column":0},"end":{"line":2,"column":42}}]},"3":{"type":"branch","line":2,"loc":{"start":{"line":2,"column":0},"end":{"line":2,"column":42}},"locations":[{"start":{"line":2,"column":0},"end":{"line":2,"column":42}}]},"4":{"type":"branch","line":2,"loc":{"start":{"line":2,"column":0},"end":{"line":2,"column":42}},"locations":[{"start":{"line":2,"column":0},"end":{"line":2,"column":42}}]},"5":{"type":"branch","line":2,"loc":{"start":{"line":2,"column":0},"end":{"line":2,"column":42}},"locations":[{"start":{"line":2,"column":0},"end":{"line":2,"column":42}}]},"6":{"type":"branch","line":2,"loc":{"start":{"line":2,"column":0},"end":{"line":2,"column":42}},"locations":[{"start":{"line":2,"column":0},"end":{"line":2,"column":42}}]},"7":{"type":"branch","line":2,"loc":{"start":{"line":2,"column":0},"end":{"line":2,"column":42}},"locations":[{"start":{"line":2,"column":0},"end":{"line":2,"column":42}}]},"8":{"type":"branch","line":2,"loc":{"start":{"line":2,"column":0},"end":{"line":2,"column":42}},"locations":[{"start":{"line":2,"column":0},"end":{"line":2,"column":42}}]},"9":{"type":"branch","line":2,"loc":{"start":{"line":2,"column":0},"end":{"line":2,"column":42}},"locations":[{"start":{"line":2,"column":0},"end":{"line":2,"column":42}}]},"10":{"type":"branch","line":2,"loc":{"start":{"line":2,"column":0},"end":{"line":2,"column":42}},"locations":[{"start":{"line":2,"column":0},"end":{"line":2,"column":42}}]},"11":{"type":"branch","line":2,"loc":{"start":{"line":2,"column":0},"end":{"line":2,"column":42}},"locations":[{"start":{"line":2,"column":0},"end":{"line":2,"column":42}}]},"12":{"type":"branch","line":2,"loc":{"start":{"line":2,"column":0},"end":{"line":2,"column":42}},"locations":[{"start":{"line":2,"column":0},"end":{"line":2,"column":42}}]},"13":{"type":"branch","line":2,"loc":{"start":{"line":2,"column":0},"end":{"line":2,"column":42}},"locations":[{"start":{"line":2,"column":0},"end":{"line":2,"column":42}}]},"14":{"type":"branch","line":2,"loc":{"start":{"line":2,"column":0},"end":{"line":2,"column":42}},"locations":[{"start":{"line":2,"column":0},"end":{"line":2,"column":42}}]},"15":{"type":"branch","line":2,"loc":{"start":{"line":2,"column":0},"end":{"line":2,"column":42}},"locations":[{"start":{"line":2,"column":0},"end":{"line":2,"column":42}}]},"16":{"type":"branch","line":2,"loc":{"start":{"line":2,"column":0},"end":{"line":2,"column":42}},"locations":[{"start":{"line":2,"column":0},"end":{"line":2,"column":42}}]},"17":{"type":"branch","line":2,"loc":{"start":{"line":2,"column":0},"end":{"line":2,"column":42}},"locations":[{"start":{"line":2,"column":0},"end":{"line":2,"column":42}}]},"18":{"type":"branch","line":2,"loc":{"start":{"line":2,"column":0},"end":{"line":2,"column":42}},"locations":[{"start":{"line":2,"column":0},"end":{"line":2,"column":42}}]},"19":{"type":"branch","line":2,"loc":{"start":{"line":2,"column":0},"end":{"line":2,"column":42}},"locations":[{"start":{"line":2,"column":0},"end":{"line":2,"column":42}}]},"20":{"type":"branch","line":2,"loc":{"start":{"line":2,"column":0},"end":{"line":2,"column":42}},"locations":[{"start":{"line":2,"column":0},"end":{"line":2,"column":42}}]},"21":{"type":"branch","line":2,"loc":{"start":{"line":2,"column":0},"end":{"line":2,"column":42}},"locations":[{"start":{"line":2,"column":0},"end":{"line":2,"column":42}}]},"22":{"type":"branch","line":2,"loc":{"start":{"line":2,"column":0},"end":{"line":2,"column":42}},"locations":[{"start":{"line":2,"column":0},"end":{"line":2,"column":42}}]},"23":{"type":"branch","line":2,"loc":{"start":{"line":2,"column":0},"end":{"line":2,"column":42}},"locations":[{"start":{"line":2,"column":0},"end":{"line":2,"column":42}}]},"24":{"type":"branch","line":2,"loc":{"start":{"line":2,"column":0},"end":{"line":2,"column":42}},"locations":[{"start":{"line":2,"column":0},"end":{"line":2,"column":42}}]},"25":{"type":"branch","line":2,"loc":{"start":{"line":2,"column":0},"end":{"line":2,"column":42}},"locations":[{"start":{"line":2,"column":0},"end":{"line":2,"column":42}}]},"26":{"type":"branch","line":2,"loc":{"start":{"line":2,"column":0},"end":{"line":2,"column":42}},"locations":[{"start":{"line":2,"column":0},"end":{"line":2,"column":42}}]},"27":{"type":"branch","line":2,"loc":{"start":{"line":2,"column":0},"end":{"line":2,"column":42}},"locations":[{"start":{"line":2,"column":0},"end":{"line":2,"column":42}}]},"28":{"type":"branch","line":2,"loc":{"start":{"line":2,"column":0},"end":{"line":2,"column":42}},"locations":[{"start":{"line":2,"column":0},"end":{"line":2,"column":42}}]},"29":{"type":"branch","line":2,"loc":{"start":{"line":2,"column":0},"end":{"line":2,"column":42}},"locations":[{"start":{"line":2,"column":0},"end":{"line":2,"column":42}}]},"30":{"type":"branch","line":2,"loc":{"start":{"line":2,"column":0},"end":{"line":2,"column":42}},"locations":[{"start":{"line":2,"column":0},"end":{"line":2,"column":42}}]},"31":{"type":"branch","line":2,"loc":{"start":{"line":2,"column":0},"end":{"line":2,"column":42}},"locations":[{"start":{"line":2,"column":0},"end":{"line":2,"column":42}}]},"32":{"type":"branch","line":2,"loc":{"start":{"line":2,"column":0},"end":{"line":2,"column":42}},"locations":[{"start":{"line":2,"column":0},"end":{"line":2,"column":42}}]},"33":{"type":"branch","line":2,"loc":{"start":{"line":2,"column":0},"end":{"line":2,"column":42}},"locations":[{"start":{"line":2,"column":0},"end":{"line":2,"column":42}}]},"34":{"type":"branch","line":2,"loc":{"start":{"line":2,"column":0},"end":{"line":2,"column":42}},"locations":[{"start":{"line":2,"column":0},"end":{"line":2,"column":42}}]},"35":{"type":"branch","line":2,"loc":{"start":{"line":2,"column":0},"end":{"line":2,"column":42}},"locations":[{"start":{"line":2,"column":0},"end":{"line":2,"column":42}}]},"36":{"type":"branch","line":2,"loc":{"start":{"line":2,"column":0},"end":{"line":2,"column":42}},"locations":[{"start":{"line":2,"column":0},"end":{"line":2,"column":42}}]},"37":{"type":"branch","line":2,"loc":{"start":{"line":2,"column":0},"end":{"line":2,"column":42}},"locations":[{"start":{"line":2,"column":0},"end":{"line":2,"column":42}}]},"38":{"type":"branch","line":2,"loc":{"start":{"line":2,"column":0},"end":{"line":2,"column":42}},"locations":[{"start":{"line":2,"column":0},"end":{"line":2,"column":42}}]},"39":{"type":"branch","line":2,"loc":{"start":{"line":2,"column":0},"end":{"line":2,"column":42}},"locations":[{"start":{"line":2,"column":0},"end":{"line":2,"column":42}}]},"40":{"type":"branch","line":2,"loc":{"start":{"line":2,"column":0},"end":{"line":2,"column":42}},"locations":[{"start":{"line":2,"column":0},"end":{"line":2,"column":42}}]},"41":{"type":"branch","line":2,"loc":{"start":{"line":2,"column":0},"end":{"line":2,"column":42}},"locations":[{"start":{"line":2,"column":0},"end":{"line":2,"column":42}}]},"42":{"type":"branch","line":2,"loc":{"start":{"line":2,"column":0},"end":{"line":2,"column":42}},"locations":[{"start":{"line":2,"column":0},"end":{"line":2,"column":42}}]},"43":{"type":"branch","line":2,"loc":{"start":{"line":2,"column":0},"end":{"line":2,"column":42}},"locations":[{"start":{"line":2,"column":0},"end":{"line":2,"column":42}}]},"44":{"type":"branch","line":2,"loc":{"start":{"line":2,"column":0},"end":{"line":2,"column":42}},"locations":[{"start":{"line":2,"column":0},"end":{"line":2,"column":42}}]},"45":{"type":"branch","line":2,"loc":{"start":{"line":2,"column":0},"end":{"line":2,"column":42}},"locations":[{"start":{"line":2,"column":0},"end":{"line":2,"column":42}}]},"46":{"type":"branch","line":2,"loc":{"start":{"line":2,"column":0},"end":{"line":2,"column":42}},"locations":[{"start":{"line":2,"column":0},"end":{"line":2,"column":42}}]},"47":{"type":"branch","line":2,"loc":{"start":{"line":2,"column":0},"end":{"line":2,"column":42}},"locations":[{"start":{"line":2,"column":0},"end":{"line":2,"column":42}}]},"48":{"type":"branch","line":2,"loc":{"start":{"line":2,"column":0},"end":{"line":2,"column":42}},"locations":[{"start":{"line":2,"column":0},"end":{"line":2,"column":42}}]},"49":{"type":"branch","line":2,"loc":{"start":{"line":2,"column":0},"end":{"line":2,"column":42}},"locations":[{"start":{"line":2,"column":0},"end":{"line":2,"column":42}}]},"50":{"type":"branch","line":2,"loc":{"start":{"line":2,"column":0},"end":{"line":2,"column":42}},"locations":[{"start":{"line":2,"column":0},"end":{"line":2,"column":42}}]},"51":{"type":"branch","line":2,"loc":{"start":{"line":2,"column":0},"end":{"line":2,"column":42}},"locations":[{"start":{"line":2,"column":0},"end":{"line":2,"column":42}}]},"52":{"type":"branch","line":2,"loc":{"start":{"line":2,"column":0},"end":{"line":2,"column":42}},"locations":[{"start":{"line":2,"column":0},"end":{"line":2,"column":42}}]},"53":{"type":"branch","line":2,"loc":{"start":{"line":2,"column":0},"end":{"line":2,"column":42}},"locations":[{"start":{"line":2,"column":0},"end":{"line":2,"column":42}}]},"54":{"type":"branch","line":2,"loc":{"start":{"line":2,"column":0},"end":{"line":2,"column":42}},"locations":[{"start":{"line":2,"column":0},"end":{"line":2,"column":42}}]},"55":{"type":"branch","line":2,"loc":{"start":{"line":2,"column":0},"end":{"line":2,"column":42}},"locations":[{"start":{"line":2,"column":0},"end":{"line":2,"column":42}}]},"56":{"type":"branch","line":2,"loc":{"start":{"line":2,"column":0},"end":{"line":2,"column":42}},"locations":[{"start":{"line":2,"column":0},"end":{"line":2,"column":42}}]},"57":{"type":"branch","line":2,"loc":{"start":{"line":2,"column":0},"end":{"line":2,"column":42}},"locations":[{"start":{"line":2,"column":0},"end":{"line":2,"column":42}}]},"58":{"type":"branch","line":2,"loc":{"start":{"line":2,"column":0},"end":{"line":2,"column":42}},"locations":[{"start":{"line":2,"column":0},"end":{"line":2,"column":42}}]},"59":{"type":"branch","line":2,"loc":{"start":{"line":2,"column":0},"end":{"line":2,"column":42}},"locations":[{"start":{"line":2,"column":0},"end":{"line":2,"column":42}}]},"60":{"type":"branch","line":2,"loc":{"start":{"line":2,"column":0},"end":{"line":2,"column":42}},"locations":[{"start":{"line":2,"column":0},"end":{"line":2,"column":42}}]},"61":{"type":"branch","line":2,"loc":{"start":{"line":2,"column":0},"end":{"line":2,"column":42}},"locations":[{"start":{"line":2,"column":0},"end":{"line":2,"column":42}}]},"62":{"type":"branch","line":2,"loc":{"start":{"line":2,"column":0},"end":{"line":2,"column":42}},"locations":[{"start":{"line":2,"column":0},"end":{"line":2,"column":42}}]},"63":{"type":"branch","line":2,"loc":{"start":{"line":2,"column":0},"end":{"line":2,"column":42}},"locations":[{"start":{"line":2,"column":0},"end":{"line":2,"column":42}}]},"64":{"type":"branch","line":2,"loc":{"start":{"line":2,"column":0},"end":{"line":2,"column":42}},"locations":[{"start":{"line":2,"column":0},"end":{"line":2,"column":42}}]},"65":{"type":"branch","line":2,"loc":{"start":{"line":2,"column":0},"end":{"line":2,"column":42}},"locations":[{"start":{"line":2,"column":0},"end":{"line":2,"column":42}}]},"66":{"type":"branch","line":2,"loc":{"start":{"line":2,"column":0},"end":{"line":2,"column":42}},"locations":[{"start":{"line":2,"column":0},"end":{"line":2,"column":42}}]},"67":{"type":"branch","line":2,"loc":{"start":{"line":2,"column":0},"end":{"line":2,"column":42}},"locations":[{"start":{"line":2,"column":0},"end":{"line":2,"column":42}}]},"68":{"type":"branch","line":2,"loc":{"start":{"line":2,"column":0},"end":{"line":2,"column":42}},"locations":[{"start":{"line":2,"column":0},"end":{"line":2,"column":42}}]},"69":{"type":"branch","line":2,"loc":{"start":{"line":2,"column":0},"end":{"line":2,"column":42}},"locations":[{"start":{"line":2,"column":0},"end":{"line":2,"column":42}}]},"70":{"type":"branch","line":2,"loc":{"start":{"line":2,"column":0},"end":{"line":2,"column":42}},"locations":[{"start":{"line":2,"column":0},"end":{"line":2,"column":42}}]},"71":{"type":"branch","line":2,"loc":{"start":{"line":2,"column":0},"end":{"line":2,"column":42}},"locations":[{"start":{"line":2,"column":0},"end":{"line":2,"column":42}}]},"72":{"type":"branch","line":2,"loc":{"start":{"line":2,"column":0},"end":{"line":2,"column":42}},"locations":[{"start":{"line":2,"column":0},"end":{"line":2,"column":42}}]},"73":{"type":"branch","line":2,"loc":{"start":{"line":2,"column":0},"end":{"line":2,"column":42}},"locations":[{"start":{"line":2,"column":0},"end":{"line":2,"column":42}}]},"74":{"type":"branch","line":2,"loc":{"start":{"line":2,"column":0},"end":{"line":2,"column":42}},"locations":[{"start":{"line":2,"column":0},"end":{"line":2,"column":42}}]},"75":{"type":"branch","line":2,"loc":{"start":{"line":2,"column":0},"end":{"line":2,"column":42}},"locations":[{"start":{"line":2,"column":0},"end":{"line":2,"column":42}}]},"76":{"type":"branch","line":2,"loc":{"start":{"line":2,"column":0},"end":{"line":2,"column":42}},"locations":[{"start":{"line":2,"column":0},"end":{"line":2,"column":42}}]},"77":{"type":"branch","line":2,"loc":{"start":{"line":2,"column":0},"end":{"line":2,"column":42}},"locations":[{"start":{"line":2,"column":0},"end":{"line":2,"column":42}}]},"78":{"type":"branch","line":2,"loc":{"start":{"line":2,"column":0},"end":{"line":2,"column":42}},"locations":[{"start":{"line":2,"column":0},"end":{"line":2,"column":42}}]},"79":{"type":"branch","line":2,"loc":{"start":{"line":2,"column":0},"end":{"line":2,"column":42}},"locations":[{"start":{"line":2,"column":0},"end":{"line":2,"column":42}}]},"80":{"type":"branch","line":2,"loc":{"start":{"line":2,"column":0},"end":{"line":2,"column":42}},"locations":[{"start":{"line":2,"column":0},"end":{"line":2,"column":42}}]},"81":{"type":"branch","line":2,"loc":{"start":{"line":2,"column":0},"end":{"line":2,"column":42}},"locations":[{"start":{"line":2,"column":0},"end":{"line":2,"column":42}}]},"82":{"type":"branch","line":2,"loc":{"start":{"line":2,"column":0},"end":{"line":2,"column":42}},"locations":[{"start":{"line":2,"column":0},"end":{"line":2,"column":42}}]},"83":{"type":"branch","line":2,"loc":{"start":{"line":2,"column":0},"end":{"line":2,"column":42}},"locations":[{"start":{"line":2,"column":0},"end":{"line":2,"column":42}}]},"84":{"type":"branch","line":2,"loc":{"start":{"line":2,"column":0},"end":{"line":2,"column":42}},"locations":[{"start":{"line":2,"column":0},"end":{"line":2,"column":42}}]},"85":{"type":"branch","line":2,"loc":{"start":{"line":2,"column":0},"end":{"line":2,"column":42}},"locations":[{"start":{"line":2,"column":0},"end":{"line":2,"column":42}}]},"86":{"type":"branch","line":10,"loc":{"start":{"line":10,"column":0},"end":{"line":16,"column":35}},"locations":[{"start":{"line":10,"column":0},"end":{"line":16,"column":35}}]},"87":{"type":"branch","line":16,"loc":{"start":{"line":16,"column":34},"end":{"line":42,"column":1}},"locations":[{"start":{"line":16,"column":34},"end":{"line":42,"column":1}}]},"88":{"type":"branch","line":16,"loc":{"start":{"line":16,"column":7},"end":{"line":39,"column":69}},"locations":[{"start":{"line":16,"column":7},"end":{"line":39,"column":69}}]},"89":{"type":"branch","line":16,"loc":{"start":{"line":16,"column":48},"end":{"line":39,"column":69}},"locations":[{"start":{"line":16,"column":48},"end":{"line":39,"column":69}}]},"90":{"type":"branch","line":16,"loc":{"start":{"line":16,"column":48},"end":{"line":31,"column":6}},"locations":[{"start":{"line":16,"column":48},"end":{"line":31,"column":6}}]},"91":{"type":"branch","line":31,"loc":{"start":{"line":31,"column":5},"end":{"line":37,"column":8}},"locations":[{"start":{"line":31,"column":5},"end":{"line":37,"column":8}}]},"92":{"type":"branch","line":37,"loc":{"start":{"line":37,"column":7},"end":{"line":39,"column":69}},"locations":[{"start":{"line":37,"column":7},"end":{"line":39,"column":69}}]},"93":{"type":"branch","line":33,"loc":{"start":{"line":33,"column":49},"end":{"line":37,"column":6}},"locations":[{"start":{"line":33,"column":49},"end":{"line":37,"column":6}}]}},"b":{"0":[0],"1":[0],"2":[0],"3":[0],"4":[0],"5":[0],"6":[6],"7":[13],"8":[6],"9":[0],"10":[0],"11":[18],"12":[4],"13":[2],"14":[6],"15":[12],"16":[6],"17":[12],"18":[0],"19":[0],"20":[20],"21":[0],"22":[10],"23":[6],"24":[0],"25":[4],"26":[18],"27":[14],"28":[4],"29":[10],"30":[4],"31":[10],"32":[4],"33":[6],"34":[0],"35":[14],"36":[12],"37":[6],"38":[1],"39":[0],"40":[0],"41":[0],"42":[1],"43":[0],"44":[6],"45":[0],"46":[6],"47":[2],"48":[4],"49":[6],"50":[2],"51":[4],"52":[2],"53":[4],"54":[0],"55":[2],"56":[0],"57":[4],"58":[2],"59":[8],"60":[16],"61":[8],"62":[0],"63":[0],"64":[0],"65":[0],"66":[0],"67":[0],"68":[0],"69":[0],"70":[8],"71":[0],"72":[0],"73":[0],"74":[2],"75":[0],"76":[12],"77":[2],"78":[10],"79":[4],"80":[6],"81":[1],"82":[6],"83":[6],"84":[10],"85":[2],"86":[6],"87":[1],"88":[6],"89":[18],"90":[6],"91":[4],"92":[2],"93":[12]},"fnMap":{"0":{"name":"_regeneratorRuntime","decl":{"start":{"line":2,"column":0},"end":{"line":2,"column":42}},"loc":{"start":{"line":2,"column":0},"end":{"line":2,"column":42}},"line":2},"1":{"name":"o","decl":{"start":{"line":2,"column":0},"end":{"line":2,"column":42}},"loc":{"start":{"line":2,"column":0},"end":{"line":2,"column":42}},"line":2},"2":{"name":"define","decl":{"start":{"line":2,"column":0},"end":{"line":2,"column":42}},"loc":{"start":{"line":2,"column":0},"end":{"line":2,"column":42}},"line":2},"3":{"name":"define","decl":{"start":{"line":2,"column":0},"end":{"line":2,"column":42}},"loc":{"start":{"line":2,"column":0},"end":{"line":2,"column":42}},"line":2},"4":{"name":"wrap","decl":{"start":{"line":2,"column":0},"end":{"line":2,"column":42}},"loc":{"start":{"line":2,"column":0},"end":{"line":2,"column":42}},"line":2},"5":{"name":"tryCatch","decl":{"start":{"line":2,"column":0},"end":{"line":2,"column":42}},"loc":{"start":{"line":2,"column":0},"end":{"line":2,"column":42}},"line":2},"6":{"name":"Generator","decl":{"start":{"line":2,"column":0},"end":{"line":2,"column":42}},"loc":{"start":{"line":2,"column":0},"end":{"line":2,"column":42}},"line":2},"7":{"name":"GeneratorFunction","decl":{"start":{"line":2,"column":0},"end":{"line":2,"column":42}},"loc":{"start":{"line":2,"column":0},"end":{"line":2,"column":42}},"line":2},"8":{"name":"GeneratorFunctionPrototype","decl":{"start":{"line":2,"column":0},"end":{"line":2,"column":42}},"loc":{"start":{"line":2,"column":0},"end":{"line":2,"column":42}},"line":2},"9":{"name":"defineIteratorMethods","decl":{"start":{"line":2,"column":0},"end":{"line":2,"column":42}},"loc":{"start":{"line":2,"column":0},"end":{"line":2,"column":42}},"line":2},"10":{"name":"AsyncIterator","decl":{"start":{"line":2,"column":0},"end":{"line":2,"column":42}},"loc":{"start":{"line":2,"column":0},"end":{"line":2,"column":42}},"line":2},"11":{"name":"makeInvokeMethod","decl":{"start":{"line":2,"column":0},"end":{"line":2,"column":42}},"loc":{"start":{"line":2,"column":0},"end":{"line":2,"column":42}},"line":2},"12":{"name":"maybeInvokeDelegate","decl":{"start":{"line":2,"column":0},"end":{"line":2,"column":42}},"loc":{"start":{"line":2,"column":0},"end":{"line":2,"column":42}},"line":2},"13":{"name":"pushTryEntry","decl":{"start":{"line":2,"column":0},"end":{"line":2,"column":42}},"loc":{"start":{"line":2,"column":0},"end":{"line":2,"column":42}},"line":2},"14":{"name":"resetTryEntry","decl":{"start":{"line":2,"column":0},"end":{"line":2,"column":42}},"loc":{"start":{"line":2,"column":0},"end":{"line":2,"column":42}},"line":2},"15":{"name":"Context","decl":{"start":{"line":2,"column":0},"end":{"line":2,"column":42}},"loc":{"start":{"line":2,"column":0},"end":{"line":2,"column":42}},"line":2},"16":{"name":"values","decl":{"start":{"line":2,"column":0},"end":{"line":2,"column":42}},"loc":{"start":{"line":2,"column":0},"end":{"line":2,"column":42}},"line":2},"17":{"name":"next","decl":{"start":{"line":2,"column":0},"end":{"line":2,"column":42}},"loc":{"start":{"line":2,"column":0},"end":{"line":2,"column":42}},"line":2},"18":{"name":"e.isGeneratorFunction","decl":{"start":{"line":2,"column":0},"end":{"line":2,"column":42}},"loc":{"start":{"line":2,"column":0},"end":{"line":2,"column":42}},"line":2},"19":{"name":"e.mark","decl":{"start":{"line":2,"column":0},"end":{"line":2,"column":42}},"loc":{"start":{"line":2,"column":0},"end":{"line":2,"column":42}},"line":2},"20":{"name":"e.awrap","decl":{"start":{"line":2,"column":0},"end":{"line":2,"column":42}},"loc":{"start":{"line":2,"column":0},"end":{"line":2,"column":42}},"line":2},"21":{"name":"e.async","decl":{"start":{"line":2,"column":0},"end":{"line":2,"column":42}},"loc":{"start":{"line":2,"column":0},"end":{"line":2,"column":42}},"line":2},"22":{"name":"e.keys","decl":{"start":{"line":2,"column":0},"end":{"line":2,"column":42}},"loc":{"start":{"line":2,"column":0},"end":{"line":2,"column":42}},"line":2},"23":{"name":"reset","decl":{"start":{"line":2,"column":0},"end":{"line":2,"column":42}},"loc":{"start":{"line":2,"column":0},"end":{"line":2,"column":42}},"line":2},"24":{"name":"stop","decl":{"start":{"line":2,"column":0},"end":{"line":2,"column":42}},"loc":{"start":{"line":2,"column":0},"end":{"line":2,"column":42}},"line":2},"25":{"name":"dispatchException","decl":{"start":{"line":2,"column":0},"end":{"line":2,"column":42}},"loc":{"start":{"line":2,"column":0},"end":{"line":2,"column":42}},"line":2},"26":{"name":"handle","decl":{"start":{"line":2,"column":0},"end":{"line":2,"column":42}},"loc":{"start":{"line":2,"column":0},"end":{"line":2,"column":42}},"line":2},"27":{"name":"abrupt","decl":{"start":{"line":2,"column":0},"end":{"line":2,"column":42}},"loc":{"start":{"line":2,"column":0},"end":{"line":2,"column":42}},"line":2},"28":{"name":"complete","decl":{"start":{"line":2,"column":0},"end":{"line":2,"column":42}},"loc":{"start":{"line":2,"column":0},"end":{"line":2,"column":42}},"line":2},"29":{"name":"finish","decl":{"start":{"line":2,"column":0},"end":{"line":2,"column":42}},"loc":{"start":{"line":2,"column":0},"end":{"line":2,"column":42}},"line":2},"30":{"name":"_catch","decl":{"start":{"line":2,"column":0},"end":{"line":2,"column":42}},"loc":{"start":{"line":2,"column":0},"end":{"line":2,"column":42}},"line":2},"31":{"name":"delegateYield","decl":{"start":{"line":2,"column":0},"end":{"line":2,"column":42}},"loc":{"start":{"line":2,"column":0},"end":{"line":2,"column":42}},"line":2},"32":{"name":"asyncGeneratorStep","decl":{"start":{"line":2,"column":0},"end":{"line":2,"column":42}},"loc":{"start":{"line":2,"column":0},"end":{"line":2,"column":42}},"line":2},"33":{"name":"_asyncToGenerator","decl":{"start":{"line":2,"column":0},"end":{"line":2,"column":42}},"loc":{"start":{"line":2,"column":0},"end":{"line":2,"column":42}},"line":2},"34":{"name":"_next","decl":{"start":{"line":2,"column":0},"end":{"line":2,"column":42}},"loc":{"start":{"line":2,"column":0},"end":{"line":2,"column":42}},"line":2},"35":{"name":"_throw","decl":{"start":{"line":2,"column":0},"end":{"line":2,"column":42}},"loc":{"start":{"line":2,"column":0},"end":{"line":2,"column":42}},"line":2},"36":{"name":"googleSearch","decl":{"start":{"line":10,"column":0},"end":{"line":16,"column":35}},"loc":{"start":{"line":10,"column":0},"end":{"line":16,"column":35}},"line":10},"37":{"name":"_googleSearch","decl":{"start":{"line":16,"column":34},"end":{"line":42,"column":1}},"loc":{"start":{"line":16,"column":34},"end":{"line":42,"column":1}},"line":16},"38":{"name":"_callee","decl":{"start":{"line":16,"column":7},"end":{"line":39,"column":69}},"loc":{"start":{"line":16,"column":7},"end":{"line":39,"column":69}},"line":16},"39":{"name":"_callee$","decl":{"start":{"line":16,"column":48},"end":{"line":39,"column":69}},"loc":{"start":{"line":16,"column":48},"end":{"line":39,"column":69}},"line":16}},"f":{"0":6,"1":0,"2":13,"3":0,"4":6,"5":18,"6":0,"7":0,"8":0,"9":2,"10":0,"11":6,"12":0,"13":6,"14":14,"15":6,"16":1,"17":0,"18":0,"19":1,"20":0,"21":0,"22":0,"23":6,"24":6,"25":6,"26":4,"27":8,"28":8,"29":0,"30":2,"31":0,"32":12,"33":1,"34":10,"35":2,"36":6,"37":1,"38":6,"39":18}}
}
