{"/Users/jeremiasfolgado/Documents/learning/ia-for-dev-henry/CAP08_CHALLENGE/chatbot-console-project/src/config/config.ts": {"path":"/Users/jeremiasfolgado/Documents/learning/ia-for-dev-henry/CAP08_CHALLENGE/chatbot-console-project/src/config/config.ts","all":false,"statementMap":{"0":{"start":{"line":1,"column":0},"end":{"line":1,"column":28}},"1":{"start":{"line":2,"column":0},"end":{"line":2,"column":0}},"2":{"start":{"line":3,"column":0},"end":{"line":3,"column":16}},"3":{"start":{"line":4,"column":0},"end":{"line":4,"column":0}},"4":{"start":{"line":5,"column":0},"end":{"line":5,"column":23}},"5":{"start":{"line":6,"column":0},"end":{"line":6,"column":39}},"6":{"start":{"line":7,"column":0},"end":{"line":7,"column":43}},"7":{"start":{"line":8,"column":0},"end":{"line":8,"column":80}},"8":{"start":{"line":9,"column":0},"end":{"line":9,"column":27}},"9":{"start":{"line":10,"column":0},"end":{"line":10,"column":22}},"10":{"start":{"line":11,"column":0},"end":{"line":11,"column":2}},"11":{"start":{"line":12,"column":0},"end":{"line":12,"column":0}},"12":{"start":{"line":13,"column":0},"end":{"line":13,"column":49}},"13":{"start":{"line":14,"column":0},"end":{"line":14,"column":97}},"14":{"start":{"line":15,"column":0},"end":{"line":15,"column":1}}},"s":{"0":1,"1":1,"2":1,"3":1,"4":1,"5":1,"6":1,"7":1,"8":1,"9":1,"10":1,"11":1,"12":1,"13":0,"14":0},"branchMap":{"0":{"type":"branch","line":13,"loc":{"start":{"line":13,"column":48},"end":{"line":15,"column":1}},"locations":[{"start":{"line":13,"column":48},"end":{"line":15,"column":1}}]}},"b":{"0":[0]},"fnMap":{},"f":{}}
,"/Users/jeremiasfolgado/Documents/learning/ia-for-dev-henry/CAP08_CHALLENGE/chatbot-console-project/src/services/googleSearch.ts": {"path":"/Users/jeremiasfolgado/Documents/learning/ia-for-dev-henry/CAP08_CHALLENGE/chatbot-console-project/src/services/googleSearch.ts","all":false,"statementMap":{"0":{"start":{"line":1,"column":0},"end":{"line":1,"column":26}},"1":{"start":{"line":2,"column":0},"end":{"line":2,"column":42}},"2":{"start":{"line":3,"column":0},"end":{"line":3,"column":0}},"3":{"start":{"line":4,"column":0},"end":{"line":4,"column":31}},"4":{"start":{"line":5,"column":0},"end":{"line":5,"column":16}},"5":{"start":{"line":6,"column":0},"end":{"line":6,"column":15}},"6":{"start":{"line":7,"column":0},"end":{"line":7,"column":18}},"7":{"start":{"line":8,"column":0},"end":{"line":8,"column":1}},"8":{"start":{"line":9,"column":0},"end":{"line":9,"column":0}},"9":{"start":{"line":10,"column":0},"end":{"line":10,"column":76}},"10":{"start":{"line":11,"column":0},"end":{"line":11,"column":7}},"11":{"start":{"line":12,"column":0},"end":{"line":12,"column":38}},"12":{"start":{"line":13,"column":0},"end":{"line":13,"column":41}},"13":{"start":{"line":14,"column":0},"end":{"line":14,"column":7}},"14":{"start":{"line":15,"column":0},"end":{"line":15,"column":17}},"15":{"start":{"line":16,"column":0},"end":{"line":16,"column":33}},"16":{"start":{"line":17,"column":0},"end":{"line":17,"column":34}},"17":{"start":{"line":18,"column":0},"end":{"line":18,"column":8}},"18":{"start":{"line":19,"column":0},"end":{"line":19,"column":7}},"19":{"start":{"line":20,"column":0},"end":{"line":20,"column":18}},"20":{"start":{"line":21,"column":0},"end":{"line":21,"column":43}},"21":{"start":{"line":22,"column":0},"end":{"line":22,"column":45}},"22":{"start":{"line":23,"column":0},"end":{"line":23,"column":10}},"23":{"start":{"line":24,"column":0},"end":{"line":24,"column":7}},"24":{"start":{"line":25,"column":0},"end":{"line":25,"column":6}},"25":{"start":{"line":26,"column":0},"end":{"line":26,"column":0}},"26":{"start":{"line":27,"column":0},"end":{"line":27,"column":68}},"27":{"start":{"line":28,"column":0},"end":{"line":28,"column":26}},"28":{"start":{"line":29,"column":0},"end":{"line":29,"column":24}},"29":{"start":{"line":30,"column":0},"end":{"line":30,"column":30}},"30":{"start":{"line":31,"column":0},"end":{"line":31,"column":8}},"31":{"start":{"line":32,"column":0},"end":{"line":32,"column":19}},"32":{"start":{"line":33,"column":0},"end":{"line":33,"column":69}},"33":{"start":{"line":34,"column":0},"end":{"line":34,"column":16}},"34":{"start":{"line":35,"column":0},"end":{"line":35,"column":3}},"35":{"start":{"line":36,"column":0},"end":{"line":36,"column":1}}},"s":{"0":1,"1":3,"2":3,"3":3,"4":3,"5":3,"6":3,"7":3,"8":3,"9":1,"10":3,"11":3,"12":3,"13":3,"14":3,"15":3,"16":3,"17":3,"18":3,"19":3,"20":3,"21":3,"22":3,"23":3,"24":3,"25":2,"26":2,"27":7,"28":7,"29":7,"30":2,"31":1,"32":1,"33":1,"34":1,"35":1},"branchMap":{"0":{"type":"branch","line":2,"loc":{"start":{"line":2,"column":0},"end":{"line":2,"column":42}},"locations":[{"start":{"line":2,"column":0},"end":{"line":2,"column":42}}]},"1":{"type":"branch","line":2,"loc":{"start":{"line":2,"column":0},"end":{"line":2,"column":42}},"locations":[{"start":{"line":2,"column":0},"end":{"line":2,"column":42}}]},"2":{"type":"branch","line":2,"loc":{"start":{"line":2,"column":0},"end":{"line":2,"column":42}},"locations":[{"start":{"line":2,"column":0},"end":{"line":2,"column":42}}]},"3":{"type":"branch","line":2,"loc":{"start":{"line":2,"column":0},"end":{"line":2,"column":42}},"locations":[{"start":{"line":2,"column":0},"end":{"line":2,"column":42}}]},"4":{"type":"branch","line":2,"loc":{"start":{"line":2,"column":0},"end":{"line":2,"column":42}},"locations":[{"start":{"line":2,"column":0},"end":{"line":2,"column":42}}]},"5":{"type":"branch","line":2,"loc":{"start":{"line":2,"column":0},"end":{"line":2,"column":42}},"locations":[{"start":{"line":2,"column":0},"end":{"line":2,"column":42}}]},"6":{"type":"branch","line":2,"loc":{"start":{"line":2,"column":0},"end":{"line":2,"column":42}},"locations":[{"start":{"line":2,"column":0},"end":{"line":2,"column":42}}]},"7":{"type":"branch","line":2,"loc":{"start":{"line":2,"column":0},"end":{"line":2,"column":42}},"locations":[{"start":{"line":2,"column":0},"end":{"line":2,"column":42}}]},"8":{"type":"branch","line":2,"loc":{"start":{"line":2,"column":0},"end":{"line":2,"column":42}},"locations":[{"start":{"line":2,"column":0},"end":{"line":2,"column":42}}]},"9":{"type":"branch","line":2,"loc":{"start":{"line":2,"column":0},"end":{"line":2,"column":42}},"locations":[{"start":{"line":2,"column":0},"end":{"line":2,"column":42}}]},"10":{"type":"branch","line":2,"loc":{"start":{"line":2,"column":0},"end":{"line":2,"column":42}},"locations":[{"start":{"line":2,"column":0},"end":{"line":2,"column":42}}]},"11":{"type":"branch","line":2,"loc":{"start":{"line":2,"column":0},"end":{"line":2,"column":42}},"locations":[{"start":{"line":2,"column":0},"end":{"line":2,"column":42}}]},"12":{"type":"branch","line":2,"loc":{"start":{"line":2,"column":0},"end":{"line":2,"column":42}},"locations":[{"start":{"line":2,"column":0},"end":{"line":2,"column":42}}]},"13":{"type":"branch","line":2,"loc":{"start":{"line":2,"column":0},"end":{"line":2,"column":42}},"locations":[{"start":{"line":2,"column":0},"end":{"line":2,"column":42}}]},"14":{"type":"branch","line":2,"loc":{"start":{"line":2,"column":0},"end":{"line":2,"column":42}},"locations":[{"start":{"line":2,"column":0},"end":{"line":2,"column":42}}]},"15":{"type":"branch","line":2,"loc":{"start":{"line":2,"column":0},"end":{"line":2,"column":42}},"locations":[{"start":{"line":2,"column":0},"end":{"line":2,"column":42}}]},"16":{"type":"branch","line":2,"loc":{"start":{"line":2,"column":0},"end":{"line":2,"column":42}},"locations":[{"start":{"line":2,"column":0},"end":{"line":2,"column":42}}]},"17":{"type":"branch","line":2,"loc":{"start":{"line":2,"column":0},"end":{"line":2,"column":42}},"locations":[{"start":{"line":2,"column":0},"end":{"line":2,"column":42}}]},"18":{"type":"branch","line":2,"loc":{"start":{"line":2,"column":0},"end":{"line":2,"column":42}},"locations":[{"start":{"line":2,"column":0},"end":{"line":2,"column":42}}]},"19":{"type":"branch","line":2,"loc":{"start":{"line":2,"column":0},"end":{"line":2,"column":42}},"locations":[{"start":{"line":2,"column":0},"end":{"line":2,"column":42}}]},"20":{"type":"branch","line":2,"loc":{"start":{"line":2,"column":0},"end":{"line":2,"column":42}},"locations":[{"start":{"line":2,"column":0},"end":{"line":2,"column":42}}]},"21":{"type":"branch","line":2,"loc":{"start":{"line":2,"column":0},"end":{"line":2,"column":42}},"locations":[{"start":{"line":2,"column":0},"end":{"line":2,"column":42}}]},"22":{"type":"branch","line":2,"loc":{"start":{"line":2,"column":0},"end":{"line":2,"column":42}},"locations":[{"start":{"line":2,"column":0},"end":{"line":2,"column":42}}]},"23":{"type":"branch","line":2,"loc":{"start":{"line":2,"column":0},"end":{"line":2,"column":42}},"locations":[{"start":{"line":2,"column":0},"end":{"line":2,"column":42}}]},"24":{"type":"branch","line":2,"loc":{"start":{"line":2,"column":0},"end":{"line":2,"column":42}},"locations":[{"start":{"line":2,"column":0},"end":{"line":2,"column":42}}]},"25":{"type":"branch","line":2,"loc":{"start":{"line":2,"column":0},"end":{"line":2,"column":42}},"locations":[{"start":{"line":2,"column":0},"end":{"line":2,"column":42}}]},"26":{"type":"branch","line":2,"loc":{"start":{"line":2,"column":0},"end":{"line":2,"column":42}},"locations":[{"start":{"line":2,"column":0},"end":{"line":2,"column":42}}]},"27":{"type":"branch","line":2,"loc":{"start":{"line":2,"column":0},"end":{"line":2,"column":42}},"locations":[{"start":{"line":2,"column":0},"end":{"line":2,"column":42}}]},"28":{"type":"branch","line":2,"loc":{"start":{"line":2,"column":0},"end":{"line":2,"column":42}},"locations":[{"start":{"line":2,"column":0},"end":{"line":2,"column":42}}]},"29":{"type":"branch","line":2,"loc":{"start":{"line":2,"column":0},"end":{"line":2,"column":42}},"locations":[{"start":{"line":2,"column":0},"end":{"line":2,"column":42}}]},"30":{"type":"branch","line":2,"loc":{"start":{"line":2,"column":0},"end":{"line":2,"column":42}},"locations":[{"start":{"line":2,"column":0},"end":{"line":2,"column":42}}]},"31":{"type":"branch","line":2,"loc":{"start":{"line":2,"column":0},"end":{"line":2,"column":42}},"locations":[{"start":{"line":2,"column":0},"end":{"line":2,"column":42}}]},"32":{"type":"branch","line":2,"loc":{"start":{"line":2,"column":0},"end":{"line":2,"column":42}},"locations":[{"start":{"line":2,"column":0},"end":{"line":2,"column":42}}]},"33":{"type":"branch","line":2,"loc":{"start":{"line":2,"column":0},"end":{"line":2,"column":42}},"locations":[{"start":{"line":2,"column":0},"end":{"line":2,"column":42}}]},"34":{"type":"branch","line":2,"loc":{"start":{"line":2,"column":0},"end":{"line":2,"column":42}},"locations":[{"start":{"line":2,"column":0},"end":{"line":2,"column":42}}]},"35":{"type":"branch","line":2,"loc":{"start":{"line":2,"column":0},"end":{"line":2,"column":42}},"locations":[{"start":{"line":2,"column":0},"end":{"line":2,"column":42}}]},"36":{"type":"branch","line":2,"loc":{"start":{"line":2,"column":0},"end":{"line":2,"column":42}},"locations":[{"start":{"line":2,"column":0},"end":{"line":2,"column":42}}]},"37":{"type":"branch","line":2,"loc":{"start":{"line":2,"column":0},"end":{"line":2,"column":42}},"locations":[{"start":{"line":2,"column":0},"end":{"line":2,"column":42}}]},"38":{"type":"branch","line":2,"loc":{"start":{"line":2,"column":0},"end":{"line":2,"column":42}},"locations":[{"start":{"line":2,"column":0},"end":{"line":2,"column":42}}]},"39":{"type":"branch","line":2,"loc":{"start":{"line":2,"column":0},"end":{"line":2,"column":42}},"locations":[{"start":{"line":2,"column":0},"end":{"line":2,"column":42}}]},"40":{"type":"branch","line":2,"loc":{"start":{"line":2,"column":0},"end":{"line":2,"column":42}},"locations":[{"start":{"line":2,"column":0},"end":{"line":2,"column":42}}]},"41":{"type":"branch","line":2,"loc":{"start":{"line":2,"column":0},"end":{"line":2,"column":42}},"locations":[{"start":{"line":2,"column":0},"end":{"line":2,"column":42}}]},"42":{"type":"branch","line":2,"loc":{"start":{"line":2,"column":0},"end":{"line":2,"column":42}},"locations":[{"start":{"line":2,"column":0},"end":{"line":2,"column":42}}]},"43":{"type":"branch","line":2,"loc":{"start":{"line":2,"column":0},"end":{"line":2,"column":42}},"locations":[{"start":{"line":2,"column":0},"end":{"line":2,"column":42}}]},"44":{"type":"branch","line":2,"loc":{"start":{"line":2,"column":0},"end":{"line":2,"column":42}},"locations":[{"start":{"line":2,"column":0},"end":{"line":2,"column":42}}]},"45":{"type":"branch","line":2,"loc":{"start":{"line":2,"column":0},"end":{"line":2,"column":42}},"locations":[{"start":{"line":2,"column":0},"end":{"line":2,"column":42}}]},"46":{"type":"branch","line":2,"loc":{"start":{"line":2,"column":0},"end":{"line":2,"column":42}},"locations":[{"start":{"line":2,"column":0},"end":{"line":2,"column":42}}]},"47":{"type":"branch","line":2,"loc":{"start":{"line":2,"column":0},"end":{"line":2,"column":42}},"locations":[{"start":{"line":2,"column":0},"end":{"line":2,"column":42}}]},"48":{"type":"branch","line":2,"loc":{"start":{"line":2,"column":0},"end":{"line":2,"column":42}},"locations":[{"start":{"line":2,"column":0},"end":{"line":2,"column":42}}]},"49":{"type":"branch","line":2,"loc":{"start":{"line":2,"column":0},"end":{"line":2,"column":42}},"locations":[{"start":{"line":2,"column":0},"end":{"line":2,"column":42}}]},"50":{"type":"branch","line":2,"loc":{"start":{"line":2,"column":0},"end":{"line":2,"column":42}},"locations":[{"start":{"line":2,"column":0},"end":{"line":2,"column":42}}]},"51":{"type":"branch","line":2,"loc":{"start":{"line":2,"column":0},"end":{"line":2,"column":42}},"locations":[{"start":{"line":2,"column":0},"end":{"line":2,"column":42}}]},"52":{"type":"branch","line":2,"loc":{"start":{"line":2,"column":0},"end":{"line":2,"column":42}},"locations":[{"start":{"line":2,"column":0},"end":{"line":2,"column":42}}]},"53":{"type":"branch","line":2,"loc":{"start":{"line":2,"column":0},"end":{"line":2,"column":42}},"locations":[{"start":{"line":2,"column":0},"end":{"line":2,"column":42}}]},"54":{"type":"branch","line":2,"loc":{"start":{"line":2,"column":0},"end":{"line":2,"column":42}},"locations":[{"start":{"line":2,"column":0},"end":{"line":2,"column":42}}]},"55":{"type":"branch","line":2,"loc":{"start":{"line":2,"column":0},"end":{"line":2,"column":42}},"locations":[{"start":{"line":2,"column":0},"end":{"line":2,"column":42}}]},"56":{"type":"branch","line":2,"loc":{"start":{"line":2,"column":0},"end":{"line":2,"column":42}},"locations":[{"start":{"line":2,"column":0},"end":{"line":2,"column":42}}]},"57":{"type":"branch","line":2,"loc":{"start":{"line":2,"column":0},"end":{"line":2,"column":42}},"locations":[{"start":{"line":2,"column":0},"end":{"line":2,"column":42}}]},"58":{"type":"branch","line":2,"loc":{"start":{"line":2,"column":0},"end":{"line":2,"column":42}},"locations":[{"start":{"line":2,"column":0},"end":{"line":2,"column":42}}]},"59":{"type":"branch","line":2,"loc":{"start":{"line":2,"column":0},"end":{"line":2,"column":42}},"locations":[{"start":{"line":2,"column":0},"end":{"line":2,"column":42}}]},"60":{"type":"branch","line":2,"loc":{"start":{"line":2,"column":0},"end":{"line":2,"column":42}},"locations":[{"start":{"line":2,"column":0},"end":{"line":2,"column":42}}]},"61":{"type":"branch","line":2,"loc":{"start":{"line":2,"column":0},"end":{"line":2,"column":42}},"locations":[{"start":{"line":2,"column":0},"end":{"line":2,"column":42}}]},"62":{"type":"branch","line":2,"loc":{"start":{"line":2,"column":0},"end":{"line":2,"column":42}},"locations":[{"start":{"line":2,"column":0},"end":{"line":2,"column":42}}]},"63":{"type":"branch","line":2,"loc":{"start":{"line":2,"column":0},"end":{"line":2,"column":42}},"locations":[{"start":{"line":2,"column":0},"end":{"line":2,"column":42}}]},"64":{"type":"branch","line":2,"loc":{"start":{"line":2,"column":0},"end":{"line":2,"column":42}},"locations":[{"start":{"line":2,"column":0},"end":{"line":2,"column":42}}]},"65":{"type":"branch","line":2,"loc":{"start":{"line":2,"column":0},"end":{"line":2,"column":42}},"locations":[{"start":{"line":2,"column":0},"end":{"line":2,"column":42}}]},"66":{"type":"branch","line":2,"loc":{"start":{"line":2,"column":0},"end":{"line":2,"column":42}},"locations":[{"start":{"line":2,"column":0},"end":{"line":2,"column":42}}]},"67":{"type":"branch","line":2,"loc":{"start":{"line":2,"column":0},"end":{"line":2,"column":42}},"locations":[{"start":{"line":2,"column":0},"end":{"line":2,"column":42}}]},"68":{"type":"branch","line":2,"loc":{"start":{"line":2,"column":0},"end":{"line":2,"column":42}},"locations":[{"start":{"line":2,"column":0},"end":{"line":2,"column":42}}]},"69":{"type":"branch","line":2,"loc":{"start":{"line":2,"column":0},"end":{"line":2,"column":42}},"locations":[{"start":{"line":2,"column":0},"end":{"line":2,"column":42}}]},"70":{"type":"branch","line":2,"loc":{"start":{"line":2,"column":0},"end":{"line":2,"column":42}},"locations":[{"start":{"line":2,"column":0},"end":{"line":2,"column":42}}]},"71":{"type":"branch","line":2,"loc":{"start":{"line":2,"column":0},"end":{"line":2,"column":42}},"locations":[{"start":{"line":2,"column":0},"end":{"line":2,"column":42}}]},"72":{"type":"branch","line":2,"loc":{"start":{"line":2,"column":0},"end":{"line":2,"column":42}},"locations":[{"start":{"line":2,"column":0},"end":{"line":2,"column":42}}]},"73":{"type":"branch","line":2,"loc":{"start":{"line":2,"column":0},"end":{"line":2,"column":42}},"locations":[{"start":{"line":2,"column":0},"end":{"line":2,"column":42}}]},"74":{"type":"branch","line":2,"loc":{"start":{"line":2,"column":0},"end":{"line":2,"column":42}},"locations":[{"start":{"line":2,"column":0},"end":{"line":2,"column":42}}]},"75":{"type":"branch","line":2,"loc":{"start":{"line":2,"column":0},"end":{"line":2,"column":42}},"locations":[{"start":{"line":2,"column":0},"end":{"line":2,"column":42}}]},"76":{"type":"branch","line":2,"loc":{"start":{"line":2,"column":0},"end":{"line":2,"column":42}},"locations":[{"start":{"line":2,"column":0},"end":{"line":2,"column":42}}]},"77":{"type":"branch","line":2,"loc":{"start":{"line":2,"column":0},"end":{"line":2,"column":42}},"locations":[{"start":{"line":2,"column":0},"end":{"line":2,"column":42}}]},"78":{"type":"branch","line":2,"loc":{"start":{"line":2,"column":0},"end":{"line":2,"column":42}},"locations":[{"start":{"line":2,"column":0},"end":{"line":2,"column":42}}]},"79":{"type":"branch","line":2,"loc":{"start":{"line":2,"column":0},"end":{"line":2,"column":42}},"locations":[{"start":{"line":2,"column":0},"end":{"line":2,"column":42}}]},"80":{"type":"branch","line":2,"loc":{"start":{"line":2,"column":0},"end":{"line":2,"column":42}},"locations":[{"start":{"line":2,"column":0},"end":{"line":2,"column":42}}]},"81":{"type":"branch","line":2,"loc":{"start":{"line":2,"column":0},"end":{"line":2,"column":42}},"locations":[{"start":{"line":2,"column":0},"end":{"line":2,"column":42}}]},"82":{"type":"branch","line":2,"loc":{"start":{"line":2,"column":0},"end":{"line":2,"column":42}},"locations":[{"start":{"line":2,"column":0},"end":{"line":2,"column":42}}]},"83":{"type":"branch","line":2,"loc":{"start":{"line":2,"column":0},"end":{"line":2,"column":42}},"locations":[{"start":{"line":2,"column":0},"end":{"line":2,"column":42}}]},"84":{"type":"branch","line":2,"loc":{"start":{"line":2,"column":0},"end":{"line":2,"column":42}},"locations":[{"start":{"line":2,"column":0},"end":{"line":2,"column":42}}]},"85":{"type":"branch","line":2,"loc":{"start":{"line":2,"column":0},"end":{"line":2,"column":42}},"locations":[{"start":{"line":2,"column":0},"end":{"line":2,"column":42}}]},"86":{"type":"branch","line":2,"loc":{"start":{"line":2,"column":0},"end":{"line":10,"column":35}},"locations":[{"start":{"line":2,"column":0},"end":{"line":10,"column":35}}]},"87":{"type":"branch","line":10,"loc":{"start":{"line":10,"column":34},"end":{"line":36,"column":1}},"locations":[{"start":{"line":10,"column":34},"end":{"line":36,"column":1}}]},"88":{"type":"branch","line":10,"loc":{"start":{"line":10,"column":7},"end":{"line":33,"column":69}},"locations":[{"start":{"line":10,"column":7},"end":{"line":33,"column":69}}]},"89":{"type":"branch","line":10,"loc":{"start":{"line":10,"column":48},"end":{"line":33,"column":69}},"locations":[{"start":{"line":10,"column":48},"end":{"line":33,"column":69}}]},"90":{"type":"branch","line":10,"loc":{"start":{"line":10,"column":48},"end":{"line":25,"column":6}},"locations":[{"start":{"line":10,"column":48},"end":{"line":25,"column":6}}]},"91":{"type":"branch","line":25,"loc":{"start":{"line":25,"column":5},"end":{"line":31,"column":8}},"locations":[{"start":{"line":25,"column":5},"end":{"line":31,"column":8}}]},"92":{"type":"branch","line":31,"loc":{"start":{"line":31,"column":7},"end":{"line":33,"column":69}},"locations":[{"start":{"line":31,"column":7},"end":{"line":33,"column":69}}]},"93":{"type":"branch","line":27,"loc":{"start":{"line":27,"column":49},"end":{"line":31,"column":6}},"locations":[{"start":{"line":27,"column":49},"end":{"line":31,"column":6}}]}},"b":{"0":[0],"1":[0],"2":[0],"3":[0],"4":[0],"5":[0],"6":[3],"7":[13],"8":[3],"9":[0],"10":[0],"11":[9],"12":[2],"13":[2],"14":[6],"15":[6],"16":[3],"17":[6],"18":[0],"19":[0],"20":[10],"21":[0],"22":[5],"23":[3],"24":[0],"25":[2],"26":[9],"27":[7],"28":[2],"29":[5],"30":[2],"31":[5],"32":[2],"33":[3],"34":[0],"35":[7],"36":[6],"37":[3],"38":[1],"39":[0],"40":[0],"41":[0],"42":[1],"43":[0],"44":[3],"45":[0],"46":[3],"47":[1],"48":[2],"49":[3],"50":[1],"51":[2],"52":[1],"53":[2],"54":[0],"55":[1],"56":[0],"57":[2],"58":[1],"59":[4],"60":[8],"61":[4],"62":[0],"63":[0],"64":[0],"65":[0],"66":[0],"67":[0],"68":[0],"69":[0],"70":[4],"71":[0],"72":[0],"73":[0],"74":[1],"75":[0],"76":[6],"77":[1],"78":[5],"79":[2],"80":[3],"81":[1],"82":[3],"83":[3],"84":[5],"85":[1],"86":[3],"87":[1],"88":[3],"89":[9],"90":[3],"91":[2],"92":[1],"93":[7]},"fnMap":{"0":{"name":"_regeneratorRuntime","decl":{"start":{"line":2,"column":0},"end":{"line":2,"column":42}},"loc":{"start":{"line":2,"column":0},"end":{"line":2,"column":42}},"line":2},"1":{"name":"o","decl":{"start":{"line":2,"column":0},"end":{"line":2,"column":42}},"loc":{"start":{"line":2,"column":0},"end":{"line":2,"column":42}},"line":2},"2":{"name":"define","decl":{"start":{"line":2,"column":0},"end":{"line":2,"column":42}},"loc":{"start":{"line":2,"column":0},"end":{"line":2,"column":42}},"line":2},"3":{"name":"define","decl":{"start":{"line":2,"column":0},"end":{"line":2,"column":42}},"loc":{"start":{"line":2,"column":0},"end":{"line":2,"column":42}},"line":2},"4":{"name":"wrap","decl":{"start":{"line":2,"column":0},"end":{"line":2,"column":42}},"loc":{"start":{"line":2,"column":0},"end":{"line":2,"column":42}},"line":2},"5":{"name":"tryCatch","decl":{"start":{"line":2,"column":0},"end":{"line":2,"column":42}},"loc":{"start":{"line":2,"column":0},"end":{"line":2,"column":42}},"line":2},"6":{"name":"Generator","decl":{"start":{"line":2,"column":0},"end":{"line":2,"column":42}},"loc":{"start":{"line":2,"column":0},"end":{"line":2,"column":42}},"line":2},"7":{"name":"GeneratorFunction","decl":{"start":{"line":2,"column":0},"end":{"line":2,"column":42}},"loc":{"start":{"line":2,"column":0},"end":{"line":2,"column":42}},"line":2},"8":{"name":"GeneratorFunctionPrototype","decl":{"start":{"line":2,"column":0},"end":{"line":2,"column":42}},"loc":{"start":{"line":2,"column":0},"end":{"line":2,"column":42}},"line":2},"9":{"name":"defineIteratorMethods","decl":{"start":{"line":2,"column":0},"end":{"line":2,"column":42}},"loc":{"start":{"line":2,"column":0},"end":{"line":2,"column":42}},"line":2},"10":{"name":"AsyncIterator","decl":{"start":{"line":2,"column":0},"end":{"line":2,"column":42}},"loc":{"start":{"line":2,"column":0},"end":{"line":2,"column":42}},"line":2},"11":{"name":"makeInvokeMethod","decl":{"start":{"line":2,"column":0},"end":{"line":2,"column":42}},"loc":{"start":{"line":2,"column":0},"end":{"line":2,"column":42}},"line":2},"12":{"name":"maybeInvokeDelegate","decl":{"start":{"line":2,"column":0},"end":{"line":2,"column":42}},"loc":{"start":{"line":2,"column":0},"end":{"line":2,"column":42}},"line":2},"13":{"name":"pushTryEntry","decl":{"start":{"line":2,"column":0},"end":{"line":2,"column":42}},"loc":{"start":{"line":2,"column":0},"end":{"line":2,"column":42}},"line":2},"14":{"name":"resetTryEntry","decl":{"start":{"line":2,"column":0},"end":{"line":2,"column":42}},"loc":{"start":{"line":2,"column":0},"end":{"line":2,"column":42}},"line":2},"15":{"name":"Context","decl":{"start":{"line":2,"column":0},"end":{"line":2,"column":42}},"loc":{"start":{"line":2,"column":0},"end":{"line":2,"column":42}},"line":2},"16":{"name":"values","decl":{"start":{"line":2,"column":0},"end":{"line":2,"column":42}},"loc":{"start":{"line":2,"column":0},"end":{"line":2,"column":42}},"line":2},"17":{"name":"next","decl":{"start":{"line":2,"column":0},"end":{"line":2,"column":42}},"loc":{"start":{"line":2,"column":0},"end":{"line":2,"column":42}},"line":2},"18":{"name":"e.isGeneratorFunction","decl":{"start":{"line":2,"column":0},"end":{"line":2,"column":42}},"loc":{"start":{"line":2,"column":0},"end":{"line":2,"column":42}},"line":2},"19":{"name":"e.mark","decl":{"start":{"line":2,"column":0},"end":{"line":2,"column":42}},"loc":{"start":{"line":2,"column":0},"end":{"line":2,"column":42}},"line":2},"20":{"name":"e.awrap","decl":{"start":{"line":2,"column":0},"end":{"line":2,"column":42}},"loc":{"start":{"line":2,"column":0},"end":{"line":2,"column":42}},"line":2},"21":{"name":"e.async","decl":{"start":{"line":2,"column":0},"end":{"line":2,"column":42}},"loc":{"start":{"line":2,"column":0},"end":{"line":2,"column":42}},"line":2},"22":{"name":"e.keys","decl":{"start":{"line":2,"column":0},"end":{"line":2,"column":42}},"loc":{"start":{"line":2,"column":0},"end":{"line":2,"column":42}},"line":2},"23":{"name":"reset","decl":{"start":{"line":2,"column":0},"end":{"line":2,"column":42}},"loc":{"start":{"line":2,"column":0},"end":{"line":2,"column":42}},"line":2},"24":{"name":"stop","decl":{"start":{"line":2,"column":0},"end":{"line":2,"column":42}},"loc":{"start":{"line":2,"column":0},"end":{"line":2,"column":42}},"line":2},"25":{"name":"dispatchException","decl":{"start":{"line":2,"column":0},"end":{"line":2,"column":42}},"loc":{"start":{"line":2,"column":0},"end":{"line":2,"column":42}},"line":2},"26":{"name":"handle","decl":{"start":{"line":2,"column":0},"end":{"line":2,"column":42}},"loc":{"start":{"line":2,"column":0},"end":{"line":2,"column":42}},"line":2},"27":{"name":"abrupt","decl":{"start":{"line":2,"column":0},"end":{"line":2,"column":42}},"loc":{"start":{"line":2,"column":0},"end":{"line":2,"column":42}},"line":2},"28":{"name":"complete","decl":{"start":{"line":2,"column":0},"end":{"line":2,"column":42}},"loc":{"start":{"line":2,"column":0},"end":{"line":2,"column":42}},"line":2},"29":{"name":"finish","decl":{"start":{"line":2,"column":0},"end":{"line":2,"column":42}},"loc":{"start":{"line":2,"column":0},"end":{"line":2,"column":42}},"line":2},"30":{"name":"_catch","decl":{"start":{"line":2,"column":0},"end":{"line":2,"column":42}},"loc":{"start":{"line":2,"column":0},"end":{"line":2,"column":42}},"line":2},"31":{"name":"delegateYield","decl":{"start":{"line":2,"column":0},"end":{"line":2,"column":42}},"loc":{"start":{"line":2,"column":0},"end":{"line":2,"column":42}},"line":2},"32":{"name":"asyncGeneratorStep","decl":{"start":{"line":2,"column":0},"end":{"line":2,"column":42}},"loc":{"start":{"line":2,"column":0},"end":{"line":2,"column":42}},"line":2},"33":{"name":"_asyncToGenerator","decl":{"start":{"line":2,"column":0},"end":{"line":2,"column":42}},"loc":{"start":{"line":2,"column":0},"end":{"line":2,"column":42}},"line":2},"34":{"name":"_next","decl":{"start":{"line":2,"column":0},"end":{"line":2,"column":42}},"loc":{"start":{"line":2,"column":0},"end":{"line":2,"column":42}},"line":2},"35":{"name":"_throw","decl":{"start":{"line":2,"column":0},"end":{"line":2,"column":42}},"loc":{"start":{"line":2,"column":0},"end":{"line":2,"column":42}},"line":2},"36":{"name":"googleSearch","decl":{"start":{"line":2,"column":0},"end":{"line":10,"column":35}},"loc":{"start":{"line":2,"column":0},"end":{"line":10,"column":35}},"line":2},"37":{"name":"_googleSearch","decl":{"start":{"line":10,"column":34},"end":{"line":36,"column":1}},"loc":{"start":{"line":10,"column":34},"end":{"line":36,"column":1}},"line":10},"38":{"name":"_callee","decl":{"start":{"line":10,"column":7},"end":{"line":33,"column":69}},"loc":{"start":{"line":10,"column":7},"end":{"line":33,"column":69}},"line":10},"39":{"name":"_callee$","decl":{"start":{"line":10,"column":48},"end":{"line":33,"column":69}},"loc":{"start":{"line":10,"column":48},"end":{"line":33,"column":69}},"line":10}},"f":{"0":3,"1":0,"2":13,"3":0,"4":3,"5":9,"6":0,"7":0,"8":0,"9":2,"10":0,"11":3,"12":0,"13":3,"14":7,"15":3,"16":1,"17":0,"18":0,"19":1,"20":0,"21":0,"22":0,"23":3,"24":3,"25":3,"26":2,"27":4,"28":4,"29":0,"30":1,"31":0,"32":6,"33":1,"34":5,"35":1,"36":3,"37":1,"38":3,"39":9}}
}
