TN:
SF:src/config/config.ts
FNF:0
FNH:0
DA:1,1
DA:2,1
DA:3,1
DA:4,1
DA:5,1
DA:6,1
DA:7,1
DA:8,1
DA:9,1
DA:10,1
DA:11,1
DA:12,1
DA:13,1
DA:14,1
DA:15,1
DA:16,1
DA:17,1
DA:18,1
DA:19,1
DA:20,1
DA:21,1
DA:22,1
DA:23,1
DA:24,1
DA:25,1
DA:26,1
DA:27,0
DA:28,0
LF:28
LH:26
BRDA:26,0,0,0
BRF:1
BRH:0
end_of_record
TN:
SF:src/models/conversation.ts
FN:6,Conversation
FN:14,addMessage
FN:22,getMessages
FN:29,clear
FNF:4
FNH:4
FNDA:13,Conversation
FNDA:12,addMessage
FNDA:11,getMessages
FNDA:2,clear
DA:1,1
DA:2,1
DA:3,1
DA:4,1
DA:5,1
DA:6,1
DA:7,13
DA:8,1
DA:9,1
DA:10,1
DA:11,1
DA:12,1
DA:13,1
DA:14,1
DA:15,12
DA:16,12
DA:17,1
DA:18,1
DA:19,1
DA:20,1
DA:21,1
DA:22,1
DA:23,11
DA:24,11
DA:25,1
DA:26,1
DA:27,1
DA:28,1
DA:29,1
DA:30,2
DA:31,2
DA:32,1
LF:32
LH:32
BRDA:6,0,0,1
BRDA:6,1,0,13
BRDA:14,2,0,12
BRDA:22,3,0,11
BRDA:29,4,0,2
BRF:5
BRH:5
end_of_record
TN:
SF:src/services/googleSearch.ts
FN:2,_regeneratorRuntime
FN:2,o
FN:2,define
FN:2,define
FN:2,wrap
FN:2,tryCatch
FN:2,Generator
FN:2,GeneratorFunction
FN:2,GeneratorFunctionPrototype
FN:2,defineIteratorMethods
FN:2,AsyncIterator
FN:2,makeInvokeMethod
FN:2,maybeInvokeDelegate
FN:2,pushTryEntry
FN:2,resetTryEntry
FN:2,Context
FN:2,values
FN:2,next
FN:2,e.isGeneratorFunction
FN:2,e.mark
FN:2,e.awrap
FN:2,e.async
FN:2,e.keys
FN:2,reset
FN:2,stop
FN:2,dispatchException
FN:2,handle
FN:2,abrupt
FN:2,complete
FN:2,finish
FN:2,_catch
FN:2,delegateYield
FN:2,asyncGeneratorStep
FN:2,_asyncToGenerator
FN:2,_next
FN:2,_throw
FN:10,googleSearch
FN:16,_googleSearch
FN:16,_callee
FN:16,_callee$
FNF:40
FNH:26
FNDA:6,_regeneratorRuntime
FNDA:0,o
FNDA:13,define
FNDA:0,define
FNDA:6,wrap
FNDA:18,tryCatch
FNDA:0,Generator
FNDA:0,GeneratorFunction
FNDA:0,GeneratorFunctionPrototype
FNDA:2,defineIteratorMethods
FNDA:0,AsyncIterator
FNDA:6,makeInvokeMethod
FNDA:0,maybeInvokeDelegate
FNDA:6,pushTryEntry
FNDA:14,resetTryEntry
FNDA:6,Context
FNDA:1,values
FNDA:0,next
FNDA:0,e.isGeneratorFunction
FNDA:1,e.mark
FNDA:0,e.awrap
FNDA:0,e.async
FNDA:0,e.keys
FNDA:6,reset
FNDA:6,stop
FNDA:6,dispatchException
FNDA:4,handle
FNDA:8,abrupt
FNDA:8,complete
FNDA:0,finish
FNDA:2,_catch
FNDA:0,delegateYield
FNDA:12,asyncGeneratorStep
FNDA:1,_asyncToGenerator
FNDA:10,_next
FNDA:2,_throw
FNDA:6,googleSearch
FNDA:1,_googleSearch
FNDA:6,_callee
FNDA:18,_callee$
DA:1,1
DA:2,2
DA:3,1
DA:4,1
DA:5,1
DA:6,1
DA:7,1
DA:8,1
DA:9,1
DA:10,6
DA:11,6
DA:12,6
DA:13,6
DA:14,6
DA:15,6
DA:16,1
DA:17,6
DA:18,6
DA:19,6
DA:20,6
DA:21,6
DA:22,6
DA:23,6
DA:24,6
DA:25,6
DA:26,6
DA:27,6
DA:28,6
DA:29,6
DA:30,6
DA:31,6
DA:32,4
DA:33,4
DA:34,12
DA:35,12
DA:36,12
DA:37,4
DA:38,2
DA:39,2
DA:40,1
DA:41,1
DA:42,1
LF:42
LH:42
BRDA:2,0,0,0
BRDA:2,1,0,0
BRDA:2,2,0,0
BRDA:2,3,0,0
BRDA:2,4,0,0
BRDA:2,5,0,0
BRDA:2,6,0,6
BRDA:2,7,0,13
BRDA:2,8,0,6
BRDA:2,9,0,0
BRDA:2,10,0,0
BRDA:2,11,0,18
BRDA:2,12,0,4
BRDA:2,13,0,2
BRDA:2,14,0,6
BRDA:2,15,0,12
BRDA:2,16,0,6
BRDA:2,17,0,12
BRDA:2,18,0,0
BRDA:2,19,0,0
BRDA:2,20,0,20
BRDA:2,21,0,0
BRDA:2,22,0,10
BRDA:2,23,0,6
BRDA:2,24,0,0
BRDA:2,25,0,4
BRDA:2,26,0,18
BRDA:2,27,0,14
BRDA:2,28,0,4
BRDA:2,29,0,10
BRDA:2,30,0,4
BRDA:2,31,0,10
BRDA:2,32,0,4
BRDA:2,33,0,6
BRDA:2,34,0,0
BRDA:2,35,0,14
BRDA:2,36,0,12
BRDA:2,37,0,6
BRDA:2,38,0,1
BRDA:2,39,0,0
BRDA:2,40,0,0
BRDA:2,41,0,0
BRDA:2,42,0,1
BRDA:2,43,0,0
BRDA:2,44,0,6
BRDA:2,45,0,0
BRDA:2,46,0,6
BRDA:2,47,0,2
BRDA:2,48,0,4
BRDA:2,49,0,6
BRDA:2,50,0,2
BRDA:2,51,0,4
BRDA:2,52,0,2
BRDA:2,53,0,4
BRDA:2,54,0,0
BRDA:2,55,0,2
BRDA:2,56,0,0
BRDA:2,57,0,4
BRDA:2,58,0,2
BRDA:2,59,0,8
BRDA:2,60,0,16
BRDA:2,61,0,8
BRDA:2,62,0,0
BRDA:2,63,0,0
BRDA:2,64,0,0
BRDA:2,65,0,0
BRDA:2,66,0,0
BRDA:2,67,0,0
BRDA:2,68,0,0
BRDA:2,69,0,0
BRDA:2,70,0,8
BRDA:2,71,0,0
BRDA:2,72,0,0
BRDA:2,73,0,0
BRDA:2,74,0,2
BRDA:2,75,0,0
BRDA:2,76,0,12
BRDA:2,77,0,2
BRDA:2,78,0,10
BRDA:2,79,0,4
BRDA:2,80,0,6
BRDA:2,81,0,1
BRDA:2,82,0,6
BRDA:2,83,0,6
BRDA:2,84,0,10
BRDA:2,85,0,2
BRDA:10,86,0,6
BRDA:16,87,0,1
BRDA:16,88,0,6
BRDA:16,89,0,18
BRDA:16,90,0,6
BRDA:31,91,0,4
BRDA:37,92,0,2
BRDA:33,93,0,12
BRF:94
BRH:62
end_of_record
