TN:
SF:src/config/config.ts
FNF:0
FNH:0
DA:1,1
DA:2,1
DA:3,1
DA:4,1
DA:5,1
DA:6,1
DA:7,1
DA:8,1
DA:9,1
DA:10,1
DA:11,1
DA:12,1
DA:13,1
DA:14,0
DA:15,0
LF:15
LH:13
BRDA:13,0,0,0
BRF:1
BRH:0
end_of_record
TN:
SF:src/services/googleSearch.ts
FN:2,_regeneratorRuntime
FN:2,o
FN:2,define
FN:2,define
FN:2,wrap
FN:2,tryCatch
FN:2,Generator
FN:2,GeneratorFunction
FN:2,GeneratorFunctionPrototype
FN:2,defineIteratorMethods
FN:2,AsyncIterator
FN:2,makeInvokeMethod
FN:2,maybeInvokeDelegate
FN:2,pushTryEntry
FN:2,resetTryEntry
FN:2,Context
FN:2,values
FN:2,next
FN:2,e.isGeneratorFunction
FN:2,e.mark
FN:2,e.awrap
FN:2,e.async
FN:2,e.keys
FN:2,reset
FN:2,stop
FN:2,dispatchException
FN:2,handle
FN:2,abrupt
FN:2,complete
FN:2,finish
FN:2,_catch
FN:2,delegateYield
FN:2,asyncGeneratorStep
FN:2,_asyncToGenerator
FN:2,_next
FN:2,_throw
FN:2,googleSearch
FN:10,_googleSearch
FN:10,_callee
FN:10,_callee$
FNF:40
FNH:26
FNDA:3,_regeneratorRuntime
FNDA:0,o
FNDA:13,define
FNDA:0,define
FNDA:3,wrap
FNDA:9,tryCatch
FNDA:0,Generator
FNDA:0,GeneratorFunction
FNDA:0,GeneratorFunctionPrototype
FNDA:2,defineIteratorMethods
FNDA:0,AsyncIterator
FNDA:3,makeInvokeMethod
FNDA:0,maybeInvokeDelegate
FNDA:3,pushTryEntry
FNDA:7,resetTryEntry
FNDA:3,Context
FNDA:1,values
FNDA:0,next
FNDA:0,e.isGeneratorFunction
FNDA:1,e.mark
FNDA:0,e.awrap
FNDA:0,e.async
FNDA:0,e.keys
FNDA:3,reset
FNDA:3,stop
FNDA:3,dispatchException
FNDA:2,handle
FNDA:4,abrupt
FNDA:4,complete
FNDA:0,finish
FNDA:1,_catch
FNDA:0,delegateYield
FNDA:6,asyncGeneratorStep
FNDA:1,_asyncToGenerator
FNDA:5,_next
FNDA:1,_throw
FNDA:3,googleSearch
FNDA:1,_googleSearch
FNDA:3,_callee
FNDA:9,_callee$
DA:1,1
DA:2,3
DA:3,3
DA:4,3
DA:5,3
DA:6,3
DA:7,3
DA:8,3
DA:9,3
DA:10,1
DA:11,3
DA:12,3
DA:13,3
DA:14,3
DA:15,3
DA:16,3
DA:17,3
DA:18,3
DA:19,3
DA:20,3
DA:21,3
DA:22,3
DA:23,3
DA:24,3
DA:25,3
DA:26,2
DA:27,2
DA:28,7
DA:29,7
DA:30,7
DA:31,2
DA:32,1
DA:33,1
DA:34,1
DA:35,1
DA:36,1
LF:36
LH:36
BRDA:2,0,0,0
BRDA:2,1,0,0
BRDA:2,2,0,0
BRDA:2,3,0,0
BRDA:2,4,0,0
BRDA:2,5,0,0
BRDA:2,6,0,3
BRDA:2,7,0,13
BRDA:2,8,0,3
BRDA:2,9,0,0
BRDA:2,10,0,0
BRDA:2,11,0,9
BRDA:2,12,0,2
BRDA:2,13,0,2
BRDA:2,14,0,6
BRDA:2,15,0,6
BRDA:2,16,0,3
BRDA:2,17,0,6
BRDA:2,18,0,0
BRDA:2,19,0,0
BRDA:2,20,0,10
BRDA:2,21,0,0
BRDA:2,22,0,5
BRDA:2,23,0,3
BRDA:2,24,0,0
BRDA:2,25,0,2
BRDA:2,26,0,9
BRDA:2,27,0,7
BRDA:2,28,0,2
BRDA:2,29,0,5
BRDA:2,30,0,2
BRDA:2,31,0,5
BRDA:2,32,0,2
BRDA:2,33,0,3
BRDA:2,34,0,0
BRDA:2,35,0,7
BRDA:2,36,0,6
BRDA:2,37,0,3
BRDA:2,38,0,1
BRDA:2,39,0,0
BRDA:2,40,0,0
BRDA:2,41,0,0
BRDA:2,42,0,1
BRDA:2,43,0,0
BRDA:2,44,0,3
BRDA:2,45,0,0
BRDA:2,46,0,3
BRDA:2,47,0,1
BRDA:2,48,0,2
BRDA:2,49,0,3
BRDA:2,50,0,1
BRDA:2,51,0,2
BRDA:2,52,0,1
BRDA:2,53,0,2
BRDA:2,54,0,0
BRDA:2,55,0,1
BRDA:2,56,0,0
BRDA:2,57,0,2
BRDA:2,58,0,1
BRDA:2,59,0,4
BRDA:2,60,0,8
BRDA:2,61,0,4
BRDA:2,62,0,0
BRDA:2,63,0,0
BRDA:2,64,0,0
BRDA:2,65,0,0
BRDA:2,66,0,0
BRDA:2,67,0,0
BRDA:2,68,0,0
BRDA:2,69,0,0
BRDA:2,70,0,4
BRDA:2,71,0,0
BRDA:2,72,0,0
BRDA:2,73,0,0
BRDA:2,74,0,1
BRDA:2,75,0,0
BRDA:2,76,0,6
BRDA:2,77,0,1
BRDA:2,78,0,5
BRDA:2,79,0,2
BRDA:2,80,0,3
BRDA:2,81,0,1
BRDA:2,82,0,3
BRDA:2,83,0,3
BRDA:2,84,0,5
BRDA:2,85,0,1
BRDA:2,86,0,3
BRDA:10,87,0,1
BRDA:10,88,0,3
BRDA:10,89,0,9
BRDA:10,90,0,3
BRDA:25,91,0,2
BRDA:31,92,0,1
BRDA:27,93,0,7
BRF:94
BRH:62
end_of_record
